<?xml version="1.0" encoding="UTF-8" ?>
<testsuite failures="0" time="0.529" errors="1" skipped="0" tests="11" name="ua.pti.myatm.ATMTest">
  <properties>
[...]
</properties>
  <testcase time="0.001" classname="ua.pti.myatm.ATMTest" name="testCheckBalanceThrowsExceptionWithNoCard"/>
  <testcase time="0.361" classname="ua.pti.myatm.ATMTest" name="testGetCashThrowsNotEnoughtMoneyInAccountException"/>
  <testcase time="0.015" classname="ua.pti.myatm.ATMTest" name="testValidateCardFalseWithIncorrectPinAndNotBlockedCard"/>
  <testcase time="0.002" classname="ua.pti.myatm.ATMTest" name="testGetCashReturnsCorrectAmountWithCorrectCall"/>
  <testcase time="0" classname="ua.pti.myatm.ATMTest" name="testGetCashThrowsNoCardInsertedExceptionWithNoCard"/>
  <testcase time="0.013" classname="ua.pti.myatm.ATMTest" name="testGetCashEqualMoneyInATMAndToWithdrow">
    <error message="Not enought money in ATM" type="ua.pti.myatm.NotEnoughtMoneyInATMexception">ua.pti.myatm.NotEnoughtMoneyInATMexception: Not enought money in ATM
	at ua.pti.myatm.ATM.getCash(ATM.java:51)
	at ua.pti.myatm.ATMTest.testGetCashEqualMoneyInATMAndToWithdrow(ATMTest.java:178)
	at sun.reflect.NativeMethodAccessorImpl.invoke0(Native Method)
	at sun.reflect.NativeMethodAccessorImpl.invoke(NativeMethodAccessorImpl.java:57)
	at sun.reflect.DelegatingMethodAccessorImpl.invoke(DelegatingMethodAccessorImpl.java:43)
	at java.lang.reflect.Method.invoke(Method.java:606)
	at org.junit.runners.model.FrameworkMethod$1.runReflectiveCall(FrameworkMethod.java:47)
	at org.junit.internal.runners.model.ReflectiveCallable.run(ReflectiveCallable.java:12)
	at org.junit.runners.model.FrameworkMethod.invokeExplosively(FrameworkMethod.java:44)
	at org.junit.internal.runners.statements.InvokeMethod.evaluate(InvokeMethod.java:17)
	at org.junit.runners.ParentRunner.runLeaf(ParentRunner.java:271)
	at org.junit.runners.BlockJUnit4ClassRunner.runChild(BlockJUnit4ClassRunner.java:70)
	at org.junit.runners.BlockJUnit4ClassRunner.runChild(BlockJUnit4ClassRunner.java:50)
	at org.junit.runners.ParentRunner$3.run(ParentRunner.java:238)
	at org.junit.runners.ParentRunner$1.schedule(ParentRunner.java:63)
	at org.junit.runners.ParentRunner.runChildren(ParentRunner.java:236)
	at org.junit.runners.ParentRunner.access$000(ParentRunner.java:53)
	at org.junit.runners.ParentRunner$2.evaluate(ParentRunner.java:229)
	at org.junit.runners.ParentRunner.run(ParentRunner.java:309)
	at org.apache.maven.surefire.junit4.JUnit4TestSet.execute(JUnit4TestSet.java:53)
	at org.apache.maven.surefire.junit4.JUnit4Provider.executeTestSet(JUnit4Provider.java:123)
	at org.apache.maven.surefire.junit4.JUnit4Provider.invoke(JUnit4Provider.java:104)
	at sun.reflect.NativeMethodAccessorImpl.invoke0(Native Method)
	at sun.reflect.NativeMethodAccessorImpl.invoke(NativeMethodAccessorImpl.java:57)
	at sun.reflect.DelegatingMethodAccessorImpl.invoke(DelegatingMethodAccessorImpl.java:43)
	at java.lang.reflect.Method.invoke(Method.java:606)
	at org.apache.maven.surefire.util.ReflectionUtils.invokeMethodWithArray(ReflectionUtils.java:164)
	at org.apache.maven.surefire.booter.ProviderFactory$ProviderProxy.invoke(ProviderFactory.java:110)
	at org.apache.maven.surefire.booter.SurefireStarter.invokeProvider(SurefireStarter.java:175)
	at org.apache.maven.surefire.booter.SurefireStarter.runSuitesInProcessWhenForked(SurefireStarter.java:107)
	at org.apache.maven.surefire.booter.ForkedBooter.main(ForkedBooter.java:68)
</error>
  </testcase>
  <testcase time="0" classname="ua.pti.myatm.ATMTest" name="testValidateCardFalseWithCorrectPinAndBlockedCard"/>
  <testcase time="0.001" classname="ua.pti.myatm.ATMTest" name="testCheckBalanceReturnsCorrectAmount"/>
  <testcase time="0.001" classname="ua.pti.myatm.ATMTest" name="testGetCashThrowsNotEnoughtMoneyInATMexception"/>
  <testcase time="0" classname="ua.pti.myatm.ATMTest" name="testGetMoneyInATMReturnsCorrectAmount"/>
  <testcase time="0" classname="ua.pti.myatm.ATMTest" name="testValidateCardTrueWithCorrectPinAndCard"/>
</testsuite>